#
# There is insufficient memory for the Java Runtime Environment to continue.
# Native memory allocation (malloc) failed to allocate 1048576 bytes for AllocateHeap
# Possible reasons:
#   The system is out of physical RAM or swap space
#   In 32 bit mode, the process size limit was hit
# Possible solutions:
#   Reduce memory load on the system
#   Increase physical memory or swap space
#   Check if swap backing store is full
#   Use 64 bit Java on a 64 bit OS
#   Decrease Java heap size (-Xmx/-Xms)
#   Decrease number of Java threads
#   Decrease Java thread stack sizes (-Xss)
#   Set larger code cache with -XX:ReservedCodeCacheSize=
# This output file may be truncated or incomplete.
#
#  Out of Memory Error (memory/allocation.inline.hpp:61), pid=18088, tid=0x00000000000060f8
#
# JRE version:  (8.0_144-b01) (build )
# Java VM: Java HotSpot(TM) 64-Bit Server VM (25.144-b01 mixed mode windows-amd64 compressed oops)
# Failed to write core dump. Minidumps are not enabled by default on client versions of Windows
#

---------------  T H R E A D  ---------------

Current thread (0x000000000245e800):  JavaThread "Unknown thread" [_thread_in_vm, id=24824, stack(0x0000000002330000,0x0000000002430000)]

Stack: [0x0000000002330000,0x0000000002430000]
[error occurred during error reporting (printing stack bounds), id 0xc0000005]

Native frames: (J=compiled Java code, j=interpreted, Vv=VM code, C=native code)


---------------  P R O C E S S  ---------------

Java Threads: ( => current thread )

Other Threads:

=>0x000000000245e800 (exited) JavaThread "Unknown thread" [_thread_in_vm, id=24824, stack(0x0000000002330000,0x0000000002430000)]

VM state:not at safepoint (normal execution)

VM Mutex/Monitor currently owned by a thread: None

Heap:
 PSYoungGen      total 76288K, used 1310K [0x000000076b700000, 0x0000000770c00000, 0x00000007c0000000)
  eden space 65536K, 2% used [0x000000076b700000,0x000000076b847af0,0x000000076f700000)
  from space 10752K, 0% used [0x0000000770180000,0x0000000770180000,0x0000000770c00000)
  to   space 10752K, 0% used [0x000000076f700000,0x000000076f700000,0x0000000770180000)
 ParOldGen       total 175104K, used 0K [0x00000006c2400000, 0x00000006ccf00000, 0x000000076b700000)
  object space 175104K, 0% used [0x00000006c2400000,0x00000006c2400000,0x00000006ccf00000)
 Metaspace       used 770K, capacity 4480K, committed 4480K, reserved 1056768K
  class space    used 75K, capacity 384K, committed 384K, reserved 1048576K

Card table byte_map: [0x0000000011980000,0x0000000012170000] byte_map_base: 0x000000000e36e000

Marking Bits: (ParMarkBitMap*) 0x0000000058bfd850
 Begin Bits: [0x0000000012ec0000, 0x0000000016e30000)
 End Bits:   [0x0000000016e30000, 0x000000001ada0000)

Polling page: 0x0000000000730000

CodeCache: size=245760Kb used=328Kb max_used=328Kb free=245431Kb
 bounds [0x00000000025c0000, 0x0000000002830000, 0x00000000115c0000]
 total_blobs=58 nmethods=0 adapters=38
 compilation: enabled

Compilation events (0 events):
No events

GC Heap History (0 events):
No events

Deoptimization events (0 events):
No events

Internal exceptions (0 events):
No events

Events (10 events):
Event: 0.022 loading class java/lang/Short
Event: 0.022 loading class java/lang/Short done
Event: 0.022 loading class java/lang/Integer
Event: 0.022 loading class java/lang/Integer done
Event: 0.022 loading class java/lang/Long
Event: 0.022 loading class java/lang/Long done
Event: 0.023 loading class java/lang/NullPointerException
Event: 0.023 loading class java/lang/NullPointerException done
Event: 0.023 loading class java/lang/ArithmeticException
Event: 0.023 loading class java/lang/ArithmeticException done


Dynamic libraries:
0x00007ff79dcb0000 - 0x00007ff79dce7000 	C:\Program Files\Java\jdk1.8.0_144\bin\java.exe
0x00007ffdec500000 - 0x00007ffdec6ed000 	C:\WINDOWS\SYSTEM32\ntdll.dll
0x00007ffdec240000 - 0x00007ffdec2f3000 	C:\WINDOWS\System32\KERNEL32.DLL
0x00007ffde8d20000 - 0x00007ffde8fb3000 	C:\WINDOWS\System32\KERNELBASE.dll
0x00007ffdebe40000 - 0x00007ffdebee3000 	C:\WINDOWS\System32\ADVAPI32.dll
0x00007ffdeb2a0000 - 0x00007ffdeb33e000 	C:\WINDOWS\System32\msvcrt.dll
0x00007ffde9d10000 - 0x00007ffde9dae000 	C:\WINDOWS\System32\sechost.dll
0x00007ffde9a70000 - 0x00007ffde9b92000 	C:\WINDOWS\System32\RPCRT4.dll
0x00007ffdeb7d0000 - 0x00007ffdeb967000 	C:\WINDOWS\System32\USER32.dll
0x00007ffde9190000 - 0x00007ffde91b0000 	C:\WINDOWS\System32\win32u.dll
0x00007ffdebe10000 - 0x00007ffdebe39000 	C:\WINDOWS\System32\GDI32.dll
0x00007ffde92e0000 - 0x00007ffde947a000 	C:\WINDOWS\System32\gdi32full.dll
0x00007ffde9240000 - 0x00007ffde92e0000 	C:\WINDOWS\System32\msvcp_win.dll
0x00007ffde9090000 - 0x00007ffde918a000 	C:\WINDOWS\System32\ucrtbase.dll
0x00007ffdd6250000 - 0x00007ffdd64c9000 	C:\WINDOWS\WinSxS\amd64_microsoft.windows.common-controls_6595b64144ccf1df_6.0.17763.346_none_05b53b76071f47a9\COMCTL32.dll
0x00007ffdebae0000 - 0x00007ffdebe0d000 	C:\WINDOWS\System32\combase.dll
0x00007ffde9010000 - 0x00007ffde908e000 	C:\WINDOWS\System32\bcryptPrimitives.dll
0x00007ffde9730000 - 0x00007ffde975e000 	C:\WINDOWS\System32\IMM32.DLL
0x0000000058c80000 - 0x0000000058d52000 	C:\Program Files\Java\jdk1.8.0_144\jre\bin\msvcr100.dll
0x00000000583e0000 - 0x0000000058c7d000 	C:\Program Files\Java\jdk1.8.0_144\jre\bin\server\jvm.dll
0x00007ffde9d00000 - 0x00007ffde9d08000 	C:\WINDOWS\System32\PSAPI.DLL
0x00007ffde2470000 - 0x00007ffde2494000 	C:\WINDOWS\SYSTEM32\WINMM.dll
0x00007ffddf020000 - 0x00007ffddf02a000 	C:\WINDOWS\SYSTEM32\VERSION.dll
0x00007ffdd50f0000 - 0x00007ffdd50f9000 	C:\WINDOWS\SYSTEM32\WSOCK32.dll
0x00007ffdebef0000 - 0x00007ffdebf5d000 	C:\WINDOWS\System32\WS2_32.dll
0x00007ffde2420000 - 0x00007ffde244d000 	C:\WINDOWS\SYSTEM32\WINMMBASE.dll
0x00007ffde8fc0000 - 0x00007ffde900a000 	C:\WINDOWS\System32\cfgmgr32.dll
0x00000000583d0000 - 0x00000000583df000 	C:\Program Files\Java\jdk1.8.0_144\jre\bin\verify.dll
0x00000000583a0000 - 0x00000000583c9000 	C:\Program Files\Java\jdk1.8.0_144\jre\bin\java.dll
0x0000000058380000 - 0x0000000058396000 	C:\Program Files\Java\jdk1.8.0_144\jre\bin\zip.dll

VM Arguments:
jvm_args: -Xms256m -Dclassworlds.conf=C:\ProgramData\chocolatey\lib\maven\apache-maven-3.5.0\bin\..\bin\m2.conf -Dmaven.home=C:\ProgramData\chocolatey\lib\maven\apache-maven-3.5.0\bin\.. -Dmaven.multiModuleProjectDirectory=C:\Users\DJ\Workspace\per-master\themeclean-flex 
java_command: org.codehaus.plexus.classworlds.launcher.Launcher clean install -PautoInstallPackage
java_class_path (initial): C:\ProgramData\chocolatey\lib\maven\apache-maven-3.5.0\bin\..\boot\plexus-classworlds-2.5.2.jar
Launcher Type: SUN_STANDARD

Environment Variables:
JAVA_HOME=C:\Program Files\Java\jdk1.8.0_144
CLASSPATH=.;
PATH=C:\Program Files (x86)\Common Files\Oracle\Java\javapath;C:\Program Files\Python35\Scripts\;C:\Program Files\Python35\;C:\ProgramData\Oracle\Java\javapath;C:\Program Files (x86)\Intel\iCLS Client\;C:\Program Files\Intel\iCLS Client\;C:\Windows\system32;C:\Windows;C:\Windows\System32\Wbem;C:\Windows\System32\WindowsPowerShell\v1.0\;C:\Program Files (x86)\Intel\Intel(R) Management Engine Components\DAL;C:\Program Files\Intel\Intel(R) Management Engine Components\DAL;C:\Program Files (x86)\Intel\Intel(R) Management Engine Components\IPT;C:\Program Files\gs\gs9.26\bin;C:\Program Files\gs\gs9.26\lib;C:\Program Files\Intel\Intel(R) Management Engine Components\IPT;C:\Program Files (x86)\NVIDIA Corporation\PhysX\Common;C:\Users\DJ\AppData\Roaming\nvm;C:\Program Files\nodejs;C:\ProgramData\chocolatey\bin;C:\Program Files\Java\jdk1.8.0_144\bin;C:\Program Files\Git\cmd;C:\WINDOWS\system32;C:\WINDOWS;C:\WINDOWS\System32\Wbem;C:\WINDOWS\System32\WindowsPowerShell\v1.0\;C:\WINDOWS\System32\OpenSSH\;C:\Program Files (x86)\WinMerge;;C:\Program Files\NVIDIA Corporation\NVIDIA NvDLISR;C:\Users\DJ\AppData\Local\Programs\Python\Python36\Scripts\;C:\Users\DJ\AppData\Local\Programs\Python\Python36\;C:\Users\DJ\AppData\Local\Microsoft\WindowsApps;C:\Program Files\Microsoft VS Code\bin;C:\Program Files\Microsoft VS Code Insiders\bin;C:\Users\DJ\AppData\Local\Programs\Microsoft VS Code Insiders\bin;C:\Users\DJ\AppData\Local\hyper\app-2.1.2\resources\bin;C:\tools\neovim\Neovim\bin
USERNAME=DJ
OS=Windows_NT
PROCESSOR_IDENTIFIER=Intel64 Family 6 Model 158 Stepping 9, GenuineIntel



---------------  S Y S T E M  ---------------

OS: Windows 10.0 , 64 bit Build 17763 (10.0.17763.292)

CPU:total 8 (initial active 8) (4 cores per cpu, 2 threads per core) family 6 model 158 stepping 9, cmov, cx8, fxsr, mmx, sse, sse2, sse3, ssse3, sse4.1, sse4.2, popcnt, avx, avx2, aes, clmul, erms, 3dnowpref, lzcnt, ht, tsc, tscinvbit, bmi1, bmi2, adx

Memory: 4k page, physical 16625600k(1570500k free), swap 66957248k(5184k free)

vm_info: Java HotSpot(TM) 64-Bit Server VM (25.144-b01) for windows-amd64 JRE (1.8.0_144-b01), built on Jul 21 2017 21:57:33 by "java_re" with MS VC++ 10.0 (VS2010)

time: Thu Apr 25 07:43:49 2019
elapsed time: 0 seconds (0d 0h 0m 0s)

